2019-10-10 14:41:39.644 [main] INFO  com.example.demo.DemoApplication - Starting DemoApplication on DESKTOP-VGJR4R4 with PID 14396 (D:\IdeaProjects\demo1010\target\classes started by ZHY in D:\IdeaProjects\demo1010)
2019-10-10 14:41:39.646 [main] INFO  com.example.demo.DemoApplication - The following profiles are active: dev
2019-10-10 14:41:40.712 [main] INFO  o.s.boot.web.embedded.tomcat.TomcatWebServer - Tomcat initialized with port(s): 8080 (http)
2019-10-10 14:41:40.728 [main] INFO  org.apache.coyote.http11.Http11NioProtocol - Initializing ProtocolHandler ["http-nio-8080"]
2019-10-10 14:41:40.742 [main] INFO  org.apache.catalina.core.StandardService - Starting service [Tomcat]
2019-10-10 14:41:40.742 [main] INFO  org.apache.catalina.core.StandardEngine - Starting Servlet engine: [Apache Tomcat/9.0.26]
2019-10-10 14:41:40.747 [main] INFO  org.apache.catalina.core.AprLifecycleListener - Loaded APR based Apache Tomcat Native library [1.2.23] using APR version [1.7.0].
2019-10-10 14:41:40.748 [main] INFO  org.apache.catalina.core.AprLifecycleListener - APR capabilities: IPv6 [true], sendfile [true], accept filters [false], random [true].
2019-10-10 14:41:40.748 [main] INFO  org.apache.catalina.core.AprLifecycleListener - APR/OpenSSL configuration: useAprConnector [false], useOpenSSL [true]
2019-10-10 14:41:40.785 [main] INFO  org.apache.catalina.core.AprLifecycleListener - OpenSSL successfully initialized [OpenSSL 1.1.1c  28 May 2019]
2019-10-10 14:41:40.884 [main] INFO  o.a.c.core.ContainerBase.[Tomcat].[localhost].[/] - Initializing Spring embedded WebApplicationContext
2019-10-10 14:41:40.884 [main] INFO  org.springframework.web.context.ContextLoader - Root WebApplicationContext: initialization completed in 1180 ms
2019-10-10 14:41:41.061 [main] INFO  o.s.scheduling.concurrent.ThreadPoolTaskExecutor - Initializing ExecutorService 'applicationTaskExecutor'
2019-10-10 14:41:41.355 [main] INFO  org.apache.coyote.http11.Http11NioProtocol - Starting ProtocolHandler ["http-nio-8080"]
2019-10-10 14:41:41.371 [main] INFO  o.s.boot.web.embedded.tomcat.TomcatWebServer - Tomcat started on port(s): 8080 (http) with context path ''
2019-10-10 14:41:41.374 [main] INFO  com.example.demo.DemoApplication - Started DemoApplication in 2.284 seconds (JVM running for 2.937)
2019-10-10 16:11:01.035 [main] INFO  com.example.demo.DemoApplication - Starting DemoApplication on DESKTOP-VGJR4R4 with PID 9460 (D:\IdeaProjects\demo1010\target\classes started by ZHY in D:\IdeaProjects\demo1010)
2019-10-10 16:11:01.039 [main] INFO  com.example.demo.DemoApplication - The following profiles are active: dev
2019-10-10 16:11:01.869 [main] INFO  o.s.boot.web.embedded.tomcat.TomcatWebServer - Tomcat initialized with port(s): 8080 (http)
2019-10-10 16:11:01.878 [main] INFO  org.apache.coyote.http11.Http11NioProtocol - Initializing ProtocolHandler ["http-nio-8080"]
2019-10-10 16:11:01.884 [main] INFO  org.apache.catalina.core.StandardService - Starting service [Tomcat]
2019-10-10 16:11:01.884 [main] INFO  org.apache.catalina.core.StandardEngine - Starting Servlet engine: [Apache Tomcat/9.0.26]
2019-10-10 16:11:01.889 [main] INFO  org.apache.catalina.core.AprLifecycleListener - Loaded APR based Apache Tomcat Native library [1.2.23] using APR version [1.7.0].
2019-10-10 16:11:01.889 [main] INFO  org.apache.catalina.core.AprLifecycleListener - APR capabilities: IPv6 [true], sendfile [true], accept filters [false], random [true].
2019-10-10 16:11:01.889 [main] INFO  org.apache.catalina.core.AprLifecycleListener - APR/OpenSSL configuration: useAprConnector [false], useOpenSSL [true]
2019-10-10 16:11:01.892 [main] INFO  org.apache.catalina.core.AprLifecycleListener - OpenSSL successfully initialized [OpenSSL 1.1.1c  28 May 2019]
2019-10-10 16:11:01.956 [main] INFO  o.a.c.core.ContainerBase.[Tomcat].[localhost].[/] - Initializing Spring embedded WebApplicationContext
2019-10-10 16:11:01.956 [main] INFO  org.springframework.web.context.ContextLoader - Root WebApplicationContext: initialization completed in 852 ms
2019-10-10 16:11:02.325 [main] INFO  o.s.scheduling.concurrent.ThreadPoolTaskExecutor - Initializing ExecutorService 'applicationTaskExecutor'
2019-10-10 16:11:02.414 [main] INFO  o.s.b.a.web.servlet.WelcomePageHandlerMapping - Adding welcome page template: index
2019-10-10 16:11:02.530 [main] INFO  org.apache.coyote.http11.Http11NioProtocol - Starting ProtocolHandler ["http-nio-8080"]
2019-10-10 16:11:02.546 [main] INFO  o.s.boot.web.embedded.tomcat.TomcatWebServer - Tomcat started on port(s): 8080 (http) with context path ''
2019-10-10 16:11:02.549 [main] INFO  com.example.demo.DemoApplication - Started DemoApplication in 1.998 seconds (JVM running for 2.679)
2019-10-10 16:11:09.273 [http-nio-8080-exec-1] INFO  o.a.c.core.ContainerBase.[Tomcat].[localhost].[/] - Initializing Spring DispatcherServlet 'dispatcherServlet'
2019-10-10 16:11:09.273 [http-nio-8080-exec-1] INFO  org.springframework.web.servlet.DispatcherServlet - Initializing Servlet 'dispatcherServlet'
2019-10-10 16:11:09.279 [http-nio-8080-exec-1] INFO  org.springframework.web.servlet.DispatcherServlet - Completed initialization in 6 ms
2019-10-10 16:11:09.337 [http-nio-8080-exec-2] INFO  com.zaxxer.hikari.HikariDataSource - HikariPool-1 - Starting...
2019-10-10 16:11:09.857 [http-nio-8080-exec-2] INFO  com.zaxxer.hikari.HikariDataSource - HikariPool-1 - Start completed.
2019-10-10 16:15:33.295 [main] INFO  com.example.demo.DemoApplication - Starting DemoApplication on DESKTOP-VGJR4R4 with PID 8744 (D:\IdeaProjects\demo1010\target\classes started by ZHY in D:\IdeaProjects\demo1010)
2019-10-10 16:15:33.296 [main] INFO  com.example.demo.DemoApplication - The following profiles are active: dev
2019-10-10 16:15:34.261 [main] INFO  o.s.boot.web.embedded.tomcat.TomcatWebServer - Tomcat initialized with port(s): 8080 (http)
2019-10-10 16:15:34.272 [main] INFO  org.apache.coyote.http11.Http11NioProtocol - Initializing ProtocolHandler ["http-nio-8080"]
2019-10-10 16:15:34.278 [main] INFO  org.apache.catalina.core.StandardService - Starting service [Tomcat]
2019-10-10 16:15:34.279 [main] INFO  org.apache.catalina.core.StandardEngine - Starting Servlet engine: [Apache Tomcat/9.0.26]
2019-10-10 16:15:34.285 [main] INFO  org.apache.catalina.core.AprLifecycleListener - Loaded APR based Apache Tomcat Native library [1.2.23] using APR version [1.7.0].
2019-10-10 16:15:34.285 [main] INFO  org.apache.catalina.core.AprLifecycleListener - APR capabilities: IPv6 [true], sendfile [true], accept filters [false], random [true].
2019-10-10 16:15:34.285 [main] INFO  org.apache.catalina.core.AprLifecycleListener - APR/OpenSSL configuration: useAprConnector [false], useOpenSSL [true]
2019-10-10 16:15:34.288 [main] INFO  org.apache.catalina.core.AprLifecycleListener - OpenSSL successfully initialized [OpenSSL 1.1.1c  28 May 2019]
2019-10-10 16:15:34.358 [main] INFO  o.a.c.core.ContainerBase.[Tomcat].[localhost].[/] - Initializing Spring embedded WebApplicationContext
2019-10-10 16:15:34.359 [main] INFO  org.springframework.web.context.ContextLoader - Root WebApplicationContext: initialization completed in 979 ms
2019-10-10 16:15:34.696 [main] INFO  o.s.scheduling.concurrent.ThreadPoolTaskExecutor - Initializing ExecutorService 'applicationTaskExecutor'
2019-10-10 16:15:34.736 [main] INFO  o.s.b.a.web.servlet.WelcomePageHandlerMapping - Adding welcome page template: index
2019-10-10 16:15:34.849 [main] INFO  org.apache.coyote.http11.Http11NioProtocol - Starting ProtocolHandler ["http-nio-8080"]
2019-10-10 16:15:34.864 [main] INFO  o.s.boot.web.embedded.tomcat.TomcatWebServer - Tomcat started on port(s): 8080 (http) with context path ''
2019-10-10 16:15:34.866 [main] INFO  com.example.demo.DemoApplication - Started DemoApplication in 2.069 seconds (JVM running for 2.728)
2019-10-10 16:15:35.073 [http-nio-8080-exec-1] INFO  o.a.c.core.ContainerBase.[Tomcat].[localhost].[/] - Initializing Spring DispatcherServlet 'dispatcherServlet'
2019-10-10 16:15:35.073 [http-nio-8080-exec-1] INFO  org.springframework.web.servlet.DispatcherServlet - Initializing Servlet 'dispatcherServlet'
2019-10-10 16:15:35.077 [http-nio-8080-exec-1] INFO  org.springframework.web.servlet.DispatcherServlet - Completed initialization in 4 ms
2019-10-10 16:15:35.107 [http-nio-8080-exec-1] INFO  com.zaxxer.hikari.HikariDataSource - HikariPool-1 - Starting...
2019-10-10 16:15:35.548 [http-nio-8080-exec-1] INFO  com.zaxxer.hikari.HikariDataSource - HikariPool-1 - Start completed.
2019-10-10 16:16:26.167 [main] INFO  com.example.demo.DemoApplication - Starting DemoApplication on DESKTOP-VGJR4R4 with PID 14324 (D:\IdeaProjects\demo1010\target\classes started by ZHY in D:\IdeaProjects\demo1010)
2019-10-10 16:16:26.169 [main] INFO  com.example.demo.DemoApplication - The following profiles are active: dev
2019-10-10 16:16:27.039 [main] INFO  o.s.boot.web.embedded.tomcat.TomcatWebServer - Tomcat initialized with port(s): 8080 (http)
2019-10-10 16:16:27.049 [main] INFO  org.apache.coyote.http11.Http11NioProtocol - Initializing ProtocolHandler ["http-nio-8080"]
2019-10-10 16:16:27.058 [main] INFO  org.apache.catalina.core.StandardService - Starting service [Tomcat]
2019-10-10 16:16:27.059 [main] INFO  org.apache.catalina.core.StandardEngine - Starting Servlet engine: [Apache Tomcat/9.0.26]
2019-10-10 16:16:27.065 [main] INFO  org.apache.catalina.core.AprLifecycleListener - Loaded APR based Apache Tomcat Native library [1.2.23] using APR version [1.7.0].
2019-10-10 16:16:27.065 [main] INFO  org.apache.catalina.core.AprLifecycleListener - APR capabilities: IPv6 [true], sendfile [true], accept filters [false], random [true].
2019-10-10 16:16:27.065 [main] INFO  org.apache.catalina.core.AprLifecycleListener - APR/OpenSSL configuration: useAprConnector [false], useOpenSSL [true]
2019-10-10 16:16:27.072 [main] INFO  org.apache.catalina.core.AprLifecycleListener - OpenSSL successfully initialized [OpenSSL 1.1.1c  28 May 2019]
2019-10-10 16:16:27.136 [main] INFO  o.a.c.core.ContainerBase.[Tomcat].[localhost].[/] - Initializing Spring embedded WebApplicationContext
2019-10-10 16:16:27.137 [main] INFO  org.springframework.web.context.ContextLoader - Root WebApplicationContext: initialization completed in 904 ms
2019-10-10 16:16:27.475 [main] INFO  o.s.scheduling.concurrent.ThreadPoolTaskExecutor - Initializing ExecutorService 'applicationTaskExecutor'
2019-10-10 16:16:27.517 [main] INFO  o.s.b.a.web.servlet.WelcomePageHandlerMapping - Adding welcome page template: index
2019-10-10 16:16:27.687 [main] INFO  org.apache.coyote.http11.Http11NioProtocol - Starting ProtocolHandler ["http-nio-8080"]
2019-10-10 16:16:27.703 [main] INFO  o.s.boot.web.embedded.tomcat.TomcatWebServer - Tomcat started on port(s): 8080 (http) with context path ''
2019-10-10 16:16:27.705 [main] INFO  com.example.demo.DemoApplication - Started DemoApplication in 1.99 seconds (JVM running for 2.742)
2019-10-10 16:16:28.730 [http-nio-8080-exec-1] INFO  o.a.c.core.ContainerBase.[Tomcat].[localhost].[/] - Initializing Spring DispatcherServlet 'dispatcherServlet'
2019-10-10 16:16:28.730 [http-nio-8080-exec-1] INFO  org.springframework.web.servlet.DispatcherServlet - Initializing Servlet 'dispatcherServlet'
2019-10-10 16:16:28.734 [http-nio-8080-exec-1] INFO  org.springframework.web.servlet.DispatcherServlet - Completed initialization in 4 ms
2019-10-10 16:16:28.765 [http-nio-8080-exec-1] INFO  com.zaxxer.hikari.HikariDataSource - HikariPool-1 - Starting...
2019-10-10 16:16:29.164 [http-nio-8080-exec-1] INFO  com.zaxxer.hikari.HikariDataSource - HikariPool-1 - Start completed.
2019-10-10 16:25:07.668 [main] INFO  com.example.demo.DemoApplication - Starting DemoApplication on DESKTOP-VGJR4R4 with PID 12836 (D:\IdeaProjects\demo1010\target\classes started by ZHY in D:\IdeaProjects\demo1010)
2019-10-10 16:25:07.669 [main] INFO  com.example.demo.DemoApplication - The following profiles are active: dev
2019-10-10 16:25:08.525 [main] INFO  o.s.boot.web.embedded.tomcat.TomcatWebServer - Tomcat initialized with port(s): 8080 (http)
2019-10-10 16:25:08.535 [main] INFO  org.apache.coyote.http11.Http11NioProtocol - Initializing ProtocolHandler ["http-nio-8080"]
2019-10-10 16:25:08.540 [main] INFO  org.apache.catalina.core.StandardService - Starting service [Tomcat]
2019-10-10 16:25:08.541 [main] INFO  org.apache.catalina.core.StandardEngine - Starting Servlet engine: [Apache Tomcat/9.0.26]
2019-10-10 16:25:08.545 [main] INFO  org.apache.catalina.core.AprLifecycleListener - Loaded APR based Apache Tomcat Native library [1.2.23] using APR version [1.7.0].
2019-10-10 16:25:08.545 [main] INFO  org.apache.catalina.core.AprLifecycleListener - APR capabilities: IPv6 [true], sendfile [true], accept filters [false], random [true].
2019-10-10 16:25:08.545 [main] INFO  org.apache.catalina.core.AprLifecycleListener - APR/OpenSSL configuration: useAprConnector [false], useOpenSSL [true]
2019-10-10 16:25:08.548 [main] INFO  org.apache.catalina.core.AprLifecycleListener - OpenSSL successfully initialized [OpenSSL 1.1.1c  28 May 2019]
2019-10-10 16:25:08.614 [main] INFO  o.a.c.core.ContainerBase.[Tomcat].[localhost].[/] - Initializing Spring embedded WebApplicationContext
2019-10-10 16:25:08.615 [main] INFO  org.springframework.web.context.ContextLoader - Root WebApplicationContext: initialization completed in 876 ms
2019-10-10 16:25:08.954 [main] INFO  o.s.scheduling.concurrent.ThreadPoolTaskExecutor - Initializing ExecutorService 'applicationTaskExecutor'
2019-10-10 16:25:08.994 [main] INFO  o.s.b.a.web.servlet.WelcomePageHandlerMapping - Adding welcome page template: index
2019-10-10 16:25:09.107 [main] INFO  org.apache.coyote.http11.Http11NioProtocol - Starting ProtocolHandler ["http-nio-8080"]
2019-10-10 16:25:09.122 [main] INFO  o.s.boot.web.embedded.tomcat.TomcatWebServer - Tomcat started on port(s): 8080 (http) with context path ''
2019-10-10 16:25:09.124 [main] INFO  com.example.demo.DemoApplication - Started DemoApplication in 1.914 seconds (JVM running for 2.631)
2019-10-10 16:25:38.066 [http-nio-8080-exec-2] INFO  o.a.c.core.ContainerBase.[Tomcat].[localhost].[/] - Initializing Spring DispatcherServlet 'dispatcherServlet'
2019-10-10 16:25:38.066 [http-nio-8080-exec-2] INFO  org.springframework.web.servlet.DispatcherServlet - Initializing Servlet 'dispatcherServlet'
2019-10-10 16:25:38.071 [http-nio-8080-exec-2] INFO  org.springframework.web.servlet.DispatcherServlet - Completed initialization in 5 ms
2019-10-10 16:25:38.102 [http-nio-8080-exec-2] INFO  com.zaxxer.hikari.HikariDataSource - HikariPool-1 - Starting...
2019-10-10 16:25:38.585 [http-nio-8080-exec-2] INFO  com.zaxxer.hikari.HikariDataSource - HikariPool-1 - Start completed.
